<?xml version="1.0" encoding="UTF-8"?><testrun name="FetchJeepTest" project="jeep-sales" tests="6" started="6" failures="0" errors="1" ignored="0">
  <testsuite name="com.promineotech.jeep.controller.FetchJeepTest" time="4.793" displayname="FetchJeepTest" uniqueid="[engine:junit-jupiter]/[class:com.promineotech.jeep.controller.FetchJeepTest]">
    <testcase name="testDb" classname="com.promineotech.jeep.controller.FetchJeepTest" time="0.078" displayname="testDb()" uniqueid="[engine:junit-jupiter]/[class:com.promineotech.jeep.controller.FetchJeepTest]/[method:testDb()]">
      <error>java.lang.NullPointerException: Cannot invoke "org.springframework.jdbc.core.JdbcTemplate.queryForObject(String, java.lang.Class)" because "jdbcTemplate" is null
	at org.springframework.test.jdbc.JdbcTestUtils.countRowsInTable(JdbcTestUtils.java:53)
	at com.promineotech.jeep.controller.FetchJeepTest.testDb(FetchJeepTest.java:123)
	at java.base/jdk.internal.reflect.NativeMethodAccessorImpl.invoke0(Native Method)
	at java.base/jdk.internal.reflect.NativeMethodAccessorImpl.invoke(NativeMethodAccessorImpl.java:77)
	at java.base/jdk.internal.reflect.DelegatingMethodAccessorImpl.invoke(DelegatingMethodAccessorImpl.java:43)
	at java.base/java.lang.reflect.Method.invoke(Method.java:568)
	at org.junit.platform.commons.util.ReflectionUtils.invokeMethod(ReflectionUtils.java:725)
	at org.junit.jupiter.engine.execution.MethodInvocation.proceed(MethodInvocation.java:60)
	at org.junit.jupiter.engine.execution.InvocationInterceptorChain$ValidatingInvocation.proceed(InvocationInterceptorChain.java:131)
	at org.junit.jupiter.engine.extension.TimeoutExtension.intercept(TimeoutExtension.java:149)
	at org.junit.jupiter.engine.extension.TimeoutExtension.interceptTestableMethod(TimeoutExtension.java:140)
	at org.junit.jupiter.engine.extension.TimeoutExtension.interceptTestMethod(TimeoutExtension.java:84)
	at org.junit.jupiter.engine.execution.ExecutableInvoker$ReflectiveInterceptorCall.lambda$ofVoidMethod$0(ExecutableInvoker.java:115)
	at org.junit.jupiter.engine.execution.ExecutableInvoker.lambda$invoke$0(ExecutableInvoker.java:105)
	at org.junit.jupiter.engine.execution.InvocationInterceptorChain$InterceptedInvocation.proceed(InvocationInterceptorChain.java:106)
	at org.junit.jupiter.engine.execution.InvocationInterceptorChain.proceed(InvocationInterceptorChain.java:64)
	at org.junit.jupiter.engine.execution.InvocationInterceptorChain.chainAndInvoke(InvocationInterceptorChain.java:45)
	at org.junit.jupiter.engine.execution.InvocationInterceptorChain.invoke(InvocationInterceptorChain.java:37)
	at org.junit.jupiter.engine.execution.ExecutableInvoker.invoke(ExecutableInvoker.java:104)
	at org.junit.jupiter.engine.execution.ExecutableInvoker.invoke(ExecutableInvoker.java:98)
	at org.junit.jupiter.engine.descriptor.TestMethodTestDescriptor.lambda$invokeTestMethod$7(TestMethodTestDescriptor.java:214)
	at org.junit.platform.engine.support.hierarchical.ThrowableCollector.execute(ThrowableCollector.java:73)
	at org.junit.jupiter.engine.descriptor.TestMethodTestDescriptor.invokeTestMethod(TestMethodTestDescriptor.java:210)
	at org.junit.jupiter.engine.descriptor.TestMethodTestDescriptor.execute(TestMethodTestDescriptor.java:135)
	at org.junit.jupiter.engine.descriptor.TestMethodTestDescriptor.execute(TestMethodTestDescriptor.java:66)
	at org.junit.platform.engine.support.hierarchical.NodeTestTask.lambda$executeRecursively$6(NodeTestTask.java:151)
	at org.junit.platform.engine.support.hierarchical.ThrowableCollector.execute(ThrowableCollector.java:73)
	at org.junit.platform.engine.support.hierarchical.NodeTestTask.lambda$executeRecursively$8(NodeTestTask.java:141)
	at org.junit.platform.engine.support.hierarchical.Node.around(Node.java:137)
	at org.junit.platform.engine.support.hierarchical.NodeTestTask.lambda$executeRecursively$9(NodeTestTask.java:139)
	at org.junit.platform.engine.support.hierarchical.ThrowableCollector.execute(ThrowableCollector.java:73)
	at org.junit.platform.engine.support.hierarchical.NodeTestTask.executeRecursively(NodeTestTask.java:138)
	at org.junit.platform.engine.support.hierarchical.NodeTestTask.execute(NodeTestTask.java:95)
	at java.base/java.util.ArrayList.forEach(ArrayList.java:1511)
	at org.junit.platform.engine.support.hierarchical.SameThreadHierarchicalTestExecutorService.invokeAll(SameThreadHierarchicalTestExecutorService.java:41)
	at org.junit.platform.engine.support.hierarchical.NodeTestTask.lambda$executeRecursively$6(NodeTestTask.java:155)
	at org.junit.platform.engine.support.hierarchical.ThrowableCollector.execute(ThrowableCollector.java:73)
	at org.junit.platform.engine.support.hierarchical.NodeTestTask.lambda$executeRecursively$8(NodeTestTask.java:141)
	at org.junit.platform.engine.support.hierarchical.Node.around(Node.java:137)
	at org.junit.platform.engine.support.hierarchical.NodeTestTask.lambda$executeRecursively$9(NodeTestTask.java:139)
	at org.junit.platform.engine.support.hierarchical.ThrowableCollector.execute(ThrowableCollector.java:73)
	at org.junit.platform.engine.support.hierarchical.NodeTestTask.executeRecursively(NodeTestTask.java:138)
	at org.junit.platform.engine.support.hierarchical.NodeTestTask.execute(NodeTestTask.java:95)
	at java.base/java.util.ArrayList.forEach(ArrayList.java:1511)
	at org.junit.platform.engine.support.hierarchical.SameThreadHierarchicalTestExecutorService.invokeAll(SameThreadHierarchicalTestExecutorService.java:41)
	at org.junit.platform.engine.support.hierarchical.NodeTestTask.lambda$executeRecursively$6(NodeTestTask.java:155)
	at org.junit.platform.engine.support.hierarchical.ThrowableCollector.execute(ThrowableCollector.java:73)
	at org.junit.platform.engine.support.hierarchical.NodeTestTask.lambda$executeRecursively$8(NodeTestTask.java:141)
	at org.junit.platform.engine.support.hierarchical.Node.around(Node.java:137)
	at org.junit.platform.engine.support.hierarchical.NodeTestTask.lambda$executeRecursively$9(NodeTestTask.java:139)
	at org.junit.platform.engine.support.hierarchical.ThrowableCollector.execute(ThrowableCollector.java:73)
	at org.junit.platform.engine.support.hierarchical.NodeTestTask.executeRecursively(NodeTestTask.java:138)
	at org.junit.platform.engine.support.hierarchical.NodeTestTask.execute(NodeTestTask.java:95)
	at org.junit.platform.engine.support.hierarchical.SameThreadHierarchicalTestExecutorService.submit(SameThreadHierarchicalTestExecutorService.java:35)
	at org.junit.platform.engine.support.hierarchical.HierarchicalTestExecutor.execute(HierarchicalTestExecutor.java:57)
	at org.junit.platform.engine.support.hierarchical.HierarchicalTestEngine.execute(HierarchicalTestEngine.java:54)
	at org.junit.platform.launcher.core.EngineExecutionOrchestrator.execute(EngineExecutionOrchestrator.java:107)
	at org.junit.platform.launcher.core.EngineExecutionOrchestrator.execute(EngineExecutionOrchestrator.java:88)
	at org.junit.platform.launcher.core.EngineExecutionOrchestrator.lambda$execute$0(EngineExecutionOrchestrator.java:54)
	at org.junit.platform.launcher.core.EngineExecutionOrchestrator.withInterceptedStreams(EngineExecutionOrchestrator.java:67)
	at org.junit.platform.launcher.core.EngineExecutionOrchestrator.execute(EngineExecutionOrchestrator.java:52)
	at org.junit.platform.launcher.core.DefaultLauncher.execute(DefaultLauncher.java:114)
	at org.junit.platform.launcher.core.DefaultLauncher.execute(DefaultLauncher.java:95)
	at org.junit.platform.launcher.core.DefaultLauncherSession$DelegatingLauncher.execute(DefaultLauncherSession.java:91)
	at org.junit.platform.launcher.core.SessionPerRequestLauncher.execute(SessionPerRequestLauncher.java:60)
	at org.eclipse.jdt.internal.junit5.runner.JUnit5TestReference.run(JUnit5TestReference.java:98)
	at org.eclipse.jdt.internal.junit.runner.TestExecution.run(TestExecution.java:40)
	at org.eclipse.jdt.internal.junit.runner.RemoteTestRunner.runTests(RemoteTestRunner.java:529)
	at org.eclipse.jdt.internal.junit.runner.RemoteTestRunner.runTests(RemoteTestRunner.java:756)
	at org.eclipse.jdt.internal.junit.runner.RemoteTestRunner.run(RemoteTestRunner.java:452)
	at org.eclipse.jdt.internal.junit.runner.RemoteTestRunner.main(RemoteTestRunner.java:210)

</error>
    </testcase>
    <testsuite name="com.promineotech.jeep.controller.FetchJeepTest$TestsThatDoNotPolluteTheApplicationContext" time="1.109" displayname="TestsThatDoNotPolluteTheApplicationContext" uniqueid="[engine:junit-jupiter]/[class:com.promineotech.jeep.controller.FetchJeepTest]/[nested-class:TestsThatDoNotPolluteTheApplicationContext]">
      <testcase name="testThatJeepsAreReturnedWhenAValidModelAndTrimAreSupplied" classname="com.promineotech.jeep.controller.FetchJeepTest.TestsThatDoNotPolluteTheApplicationContext" time="0.793" displayname="testThatJeepsAreReturnedWhenAValidModelAndTrimAreSupplied()" uniqueid="[engine:junit-jupiter]/[class:com.promineotech.jeep.controller.FetchJeepTest]/[nested-class:TestsThatDoNotPolluteTheApplicationContext]/[method:testThatJeepsAreReturnedWhenAValidModelAndTrimAreSupplied()]"/>
      <testsuite name="testThatAnErrorMessageIsReturnedWhenInvalidValueIsSupplied(com.promineotech.jeep.controller.FetchJeepTest$TestsThatDoNotPolluteTheApplicationContext)" time="0.114" displayname="testThatAnErrorMessageIsReturnedWhenInvalidValueIsSupplied(String, String, String)" parameters="java.lang.String,java.lang.String,java.lang.String" uniqueid="[engine:junit-jupiter]/[class:com.promineotech.jeep.controller.FetchJeepTest]/[nested-class:TestsThatDoNotPolluteTheApplicationContext]/[test-template:testThatAnErrorMessageIsReturnedWhenInvalidValueIsSupplied(java.lang.String, java.lang.String, java.lang.String)]">
        <testcase name="testThatAnErrorMessageIsReturnedWhenInvalidValueIsSupplied" classname="com.promineotech.jeep.controller.FetchJeepTest.TestsThatDoNotPolluteTheApplicationContext" time="0.114" dynamicTest="true" displayname="[1] model=WRANGLER, trim=@%!&amp;@*&amp;&amp;&amp;@@##, reason=Trim contains non-alpha-numeric characters" parameters="java.lang.String,java.lang.String,java.lang.String" uniqueid="[engine:junit-jupiter]/[class:com.promineotech.jeep.controller.FetchJeepTest]/[nested-class:TestsThatDoNotPolluteTheApplicationContext]/[test-template:testThatAnErrorMessageIsReturnedWhenInvalidValueIsSupplied(java.lang.String, java.lang.String, java.lang.String)]/[test-template-invocation:#1]"/>
        <testcase name="testThatAnErrorMessageIsReturnedWhenInvalidValueIsSupplied" classname="com.promineotech.jeep.controller.FetchJeepTest.TestsThatDoNotPolluteTheApplicationContext" time="0.062" dynamicTest="true" displayname="[2] model=WRANGLER, trim=CCCCCCCCCCCCCCCCCCCCCCCCCCCCCCC, reason=Trim length too long" parameters="java.lang.String,java.lang.String,java.lang.String" uniqueid="[engine:junit-jupiter]/[class:com.promineotech.jeep.controller.FetchJeepTest]/[nested-class:TestsThatDoNotPolluteTheApplicationContext]/[test-template:testThatAnErrorMessageIsReturnedWhenInvalidValueIsSupplied(java.lang.String, java.lang.String, java.lang.String)]/[test-template-invocation:#2]"/>
        <testcase name="testThatAnErrorMessageIsReturnedWhenInvalidValueIsSupplied" classname="com.promineotech.jeep.controller.FetchJeepTest.TestsThatDoNotPolluteTheApplicationContext" time="0.054" dynamicTest="true" displayname="[3] model=INVALID, trim=Sport, reason=Model is not enum value" parameters="java.lang.String,java.lang.String,java.lang.String" uniqueid="[engine:junit-jupiter]/[class:com.promineotech.jeep.controller.FetchJeepTest]/[nested-class:TestsThatDoNotPolluteTheApplicationContext]/[test-template:testThatAnErrorMessageIsReturnedWhenInvalidValueIsSupplied(java.lang.String, java.lang.String, java.lang.String)]/[test-template-invocation:#3]"/>
      </testsuite>
      <testcase name="testThatAnErrorMessageIsReturnedWhenUnknownTrimIsSupplied" classname="com.promineotech.jeep.controller.FetchJeepTest.TestsThatDoNotPolluteTheApplicationContext" time="0.061" displayname="testThatAnErrorMessageIsReturnedWhenUnknownTrimIsSupplied()" uniqueid="[engine:junit-jupiter]/[class:com.promineotech.jeep.controller.FetchJeepTest]/[nested-class:TestsThatDoNotPolluteTheApplicationContext]/[method:testThatAnErrorMessageIsReturnedWhenUnknownTrimIsSupplied()]"/>
    </testsuite>
  </testsuite>
</testrun>
